Created by PLY version 3.4 (http://www.dabeaz.com/ply)

Unused terminals:

    ORRHIS
    RSCGE
    STMEQED
    EORLES
    RSCGT
    SBCEQ
    ORRNES
    STMEQEA
    STMMIDB
    STMMIDA
    UMULLLT
    ORRGES
    LDRLOB
    MOVGTS
    LDRLOH
    LDMGTDB
    LDMGTDA
    STMFD
    STMFA
    TSTCS
    RSBALS
    UMLALMIS
    BEQ
    TSTCC
    LSL
    LSR
    ADDMI
    UMLALLO
    SWPHSB
    UMLALLE
    LDMPLED
    LDMPLEA
    UMLALLT
    EORS
    MSRLT
    MSRLS
    LDMIB
    LDMIA
    STRCSB
    MSRLE
    ADCNES
    MSRLO
    STRCSH
    RSBLSS
    LDMEQDA
    SWPPLB
    CMNLS
    SUBVC
    CMNLT
    CMNLO
    ADDCC
    SUBVS
    CMNLE
    ADCCSS
    STMVSDA
    STMVSDB
    BKPT
    LDMGE
    EORGT
    LDMMIED
    ORRPLS
    LDMMIEA
    SWPNEB
    LDMGT
    EORGE
    STMLTDA
    BXHS
    STMLTDB
    EORVC
    ORR
    RSBVSS
    BXHI
    ANDHSS
    MLAVCS
    MOVMI
    LDRPL
    ADDLSS
    RSBLT
    BLPL
    STRVSH
    STRVSB
    RSCGTS
    BGES
    STRNEB
    STRNEH
    SBCALS
    ANDLS
    RSBGTS
    ANDHI
    ANDHS
    RSBLES
    ADCPLS
    LDRVCSH
    LDRVCSB
    LDMGTED
    LDMGTEA
    UMLALGTS
    MULVCS
    MULHI
    LDMVCDB
    LDMVCDA
    STRPLSH
    CMPMI
    MRS
    ANDCC
    LDMGEFD
    STMALFA
    STMALFD
    LDMGEFA
    RSCVS
    MOVEQS
    STMLSED
    RSCVC
    BICEQ
    EORLTS
    BPLS
    MOVVSS
    LDRVCH
    LDRVCB
    UMULLNE
    LDMPLDB
    LDMPLDA
    UMULLHIS
    LDMHI
    SBCHSS
    SWPGE
    SWPGTB
    STRVS
    LDRCCB
    MSRMI
    LDRCCH
    LDMHS
    STRVC
    MULNE
    SUBS
    ADCGE
    STMEQFD
    STMEQFA
    ADCGT
    STRHI
    STRHS
    STMMIEA
    STMMIED
    LDMFD
    LDMMIDA
    LDMMIDB
    LDMFA
    MOVLES
    AREA
    STMLTED
    SMLALHS
    STMLTEA
    SMLALHI
    TEQAL
    STREQSH
    STMGE
    UMULLPLS
    STREQSB
    MULHSS
    STMGT
    SBCPL
    ADDLS
    ADDLT
    UMLALAL
    STMCCDA
    SMLALNES
    SUBAL
    ADDLO
    SMLALHIS
    ADDLE
    BLCS
    MOVMIS
    UMULL
    STMCSIA
    STMCSIB
    BLCC
    MULPLS
    ADDPL
    UMLALEQS
    LDMHIDB
    LDMHIDA
    EORGTS
    LDMCCFD
    STRING
    LDMCCFA
    MULNES
    MRSGE
    MOVHSS
    SMULLHS
    STMPLIB
    STMPLIA
    MRSGT
    LDRCC
    LDRHIB
    MVNMIS
    UMLALLES
    CMPNE
    LDMGEEA
    MLAEQ
    LDMGEED
    COMMENT
    STMALED
    STMALEA
    DCH
    ADCVS
    DCB
    DCW
    SMLALGES
    ADCLSS
    SUBLTS
    BICLO
    MOVCSS
    SWPVSB
    MVNCS
    STRLOSB
    SMULLVCS
    MVNCC
    STRLOSH
    RSCAL
    BICHI
    RSBPLS
    BICHS
    STRHSSB
    STRHSSH
    SWPGEB
    STRCCB
    STRGE
    SBCCS
    STRCCH
    MOVCC
    TEQPL
    SUBVCS
    STRGT
    SWPHS
    STRPLB
    LDMLTFD
    LDMLTFA
    MLANES
    SWPHI
    LDMGTFA
    LDMGTFD
    LDMVCEA
    LDMVCED
    RSBVCS
    ORRLES
    STMNEFD
    STMDB
    STMDA
    STMNEFA
    BCC
    MOVALS
    LDRLESB
    TSTAL
    LDRLESH
    BCS
    STMCCED
    ANDVS
    STMCCEA
    LDMPLIA
    LDMPLIB
    MULGTS
    ANDVC
    STMMIFD
    STMMIFA
    BPL
    UMULLAL
    ORRCS
    MRSGTS
    STRVSSB
    UMLALLSS
    LDMEQFD
    RSBPL
    STRVSSH
    LDMEQFA
    MULS
    STMHSFA
    STMHSFD
    ADDAL
    MLAVSS
    ORRAL
    ADCHSS
    STMVSFA
    STMVSFD
    MRSVS
    LDMEA
    LDMED
    BICGT
    EOREQ
    MRSVC
    LDMEQ
    LDMCSDB
    EORGES
    SMULLLES
    RSBEQS
    TEQLE
    TEQLO
    TEQLS
    TEQLT
    BXNE
    MOVCS
    ANDCSS
    MULPL
    SMLALGTS
    CMNCS
    MOVS
    ADDCS
    BLNE
    STMLEIB
    LDRLSSH
    LDRLSSB
    RSBNE
    STRVCH
    STRVCB
    SMLALLTS
    STRGESH
    LDMHIED
    STRGESB
    LDMHIEA
    LDMLTEA
    LDMLTED
    LDMNEFA
    LDMNEFD
    MVNPL
    READONLY
    ORRGE
    LDRVSH
    LDRVSB
    STRHISB
    MULVSS
    STRHISH
    RSBNES
    STMALDB
    STMALDA
    LDMGEDB
    LDMGEDA
    SMULLNE
    RSCPL
    SUB
    MULHIS
    SWPLT
    MULGES
    RSCLOS
    MVNEQS
    LDMVS
    MSRCS
    LDMVC
    TEQ
    MSRCC
    MVNHSS
    LDMVCFD
    LDMVCFA
    MULLE
    MULLO
    MULLS
    STMLEEA
    ADC
    STMLEED
    MVNCSS
    SUBMIS
    ORRVS
    LDMMIFD
    SMULLHIS
    LDMDA
    LDMDB
    LDMMIFA
    ORRVC
    MULGE
    TEQMI
    STRGTSB
    BICNE
    STRGTSH
    STMEQ
    STMNEEA
    SMULL
    STMNEED
    STMED
    STMEA
    STMGTIA
    STRCCSB
    STMCCFA
    STRNESH
    STMCCFD
    UMLALGE
    ADCLE
    SUBGE
    SMULLVSS
    LDRAL
    EOR
    RSBMI
    LDRPLH
    BLAL
    MOVCCS
    LDRPLB
    ANDMI
    ADDVC
    LDMVSDA
    LDMHIFA
    ADDVS
    LDMHIFD
    TEQNE
    RSBLTS
    BGTS
    STMHSED
    STMHSEA
    MRSAL
    STRVCSB
    LDREQH
    STRCSSB
    SMLALLES
    EORPL
    LDREQB
    STRCSSH
    STMVSIA
    CMN
    CMPHS
    MLAGT
    MVNAL
    RSCS
    MLAGE
    CMPHI
    CMP
    EORLSS
    SBCLES
    LDRPLSB
    RSCCSS
    ANDALS
    SL
    SUBGTS
    MOVHS
    BLOS
    UMLALHIS
    MULMI
    LDRMIH
    LDRMIB
    STMLEDA
    STMLEDB
    RSCCC
    UMLALNES
    STMEQIB
    LDMLOFA
    LDMLOFD
    STREQH
    STREQB
    STREQ
    SUBVSS
    LDMLTDB
    LDMLTDA
    MLALSS
    SBC
    SMULLMIS
    STRSB
    STRSH
    ORREQS
    STMNEDB
    LDRHSSH
    BAL
    ADDCSS
    LDRHSSB
    SMULLLOS
    TSTGE
    OPENCB
    EORCSS
    TSTGT
    STM
    UMULLCS
    SBCAL
    ORRGT
    UMLALPL
    STR
    UMULLCC
    EORLOS
    BXLE
    ANDNES
    BXLO
    ADDGT
    BXLT
    BXLS
    ADDGE
    SMLALEQ
    STMHSDB
    ANDCCS
    STMHSDA
    CMNHI
    ORRCC
    LDMLSDB
    BNE
    RSCVSS
    SUBGES
    CMNHS
    LDREQSB
    EORCS
    LDMCC
    SWPLEB
    LDREQSH
    MOVPLS
    MRSPL
    EORCC
    LDMCS
    MLAMIS
    STMPL
    BCCS
    ADDLOS
    MLAVC
    SUBLES
    MSRNE
    ORRMI
    UMLALLTS
    MLAVS
    SBCLTS
    BLLS
    BLLT
    MOVAL
    ORRALS
    BLLE
    BLLO
    LDRNE
    SMULLMI
    STMCSDB
    STMCSDA
    SBCGTS
    RSBLE
    ANDLO
    LDMVSEA
    RSBLO
    LDMVSED
    ANDLE
    RSCHSS
    MLAHSS
    RSBLS
    LDMCSIB
    LDMCSIA
    UMULLCSS
    ANDLT
    SUBHSS
    SWPGT
    SMULLHI
    ADDALS
    LDMNEDA
    LDMNEDB
    MOVPL
    MLAHS
    RSBS
    STRMIH
    MLAHI
    MVNVCS
    STRMIB
    SMULLPLS
    MVNCCS
    ADCEQ
    SBCNE
    STMMIIA
    STMMIIB
    ORRLTS
    TSTPL
    SWP
    SMULLLTS
    SWPLTB
    SMULLNES
    STMLEIA
    UMULLPL
    MLA
    RSCLT
    RSCLS
    RSCLO
    RSCLE
    MOVVCS
    UMULLNES
    ADD
    ADDHSS
    STMGTIB
    ANDMIS
    MULLT
    SUBEQ
    LDRPLSH
    LDRALH
    ORRPL
    LDRALB
    LDR
    LDMVSFA
    BHIS
    STMCS
    MSRAL
    SUBPLS
    RSBMIS
    STMCC
    MVNPLS
    ADDS
    MRSCSS
    LDMLEIA
    LDMLEIB
    RSCLSS
    SMULLLE
    READWRITE
    SMULLLO
    MRSHSS
    SMULLLS
    MRSLSS
    SMULLLT
    RSCCCS
    STMCSED
    STMCSEA
    SMLALVC
    UMULLALS
    LDM
    LDMVSFD
    STMLSIA
    SMLALVS
    STMLSIB
    BXMI
    MRSVSS
    MULLES
    SMLALHSS
    STRLEB
    MRSCS
    MRSCC
    UMLALS
    SBCGES
    EORHIS
    SWPVC
    LDRB
    SMLAL
    SWPVS
    STMALIA
    STMALIB
    LDMLSFD
    LDMLSFA
    STRPLSB
    CMNGE
    ORRLO
    CMNGT
    LDRHSH
    LDRHSB
    BLMI
    ADCMIS
    BICLT
    BICLS
    ADCHS
    LDMVCIA
    LDMVCIB
    ADCHI
    RSCMI
    ADCLES
    STMLEFA
    STMLEFD
    STRCS
    MSRPL
    LDMLODA
    LDMLODB
    STRCC
    ANDPL
    RSBHIS
    LDMNEEA
    LDMNEED
    LDRNEB
    LDRNEH
    BCSS
    BICVS
    MRSLOS
    MULLTS
    RSCLTS
    TSTEQ
    CMPVC
    EORCCS
    ADCALS
    OPENSQ
    UMLALVS
    CMPVS
    MLALOS
    UMLALVC
    UMULLEQ
    UMLALLS
    ADCGES
    SMLALGE
    LDRNESH
    ADCEQS
    SMLALGT
    CMNVS
    MRSLT
    MRSLS
    MRSLO
    ADDEQ
    MRSLE
    STMGEFA
    STMGEFD
    RSCVCS
    LDMAL
    TEQHS
    EORAL
    STMNE
    SWPCCB
    TEQHI
    ADCS
    SMLALALS
    LDMLSIB
    LDMLSIA
    MLAPLS
    MOVGE
    MOVGT
    RRX
    EORVCS
    LDRLO
    STRLOB
    STRLOH
    LDRLE
    MRSLTS
    BXPL
    STMCSFA
    SMULLCS
    STMCSFD
    LDRLT
    MVNVSS
    ANDLES
    ANDNE
    MLAEQS
    ORRLE
    SUBGT
    SMULLALS
    CMPEQ
    SWPEQ
    MULCCS
    LDRCSSB
    LDRCSSH
    MVNNE
    STRALSB
    STRALSH
    ANDEQS
    ORRLT
    ADCLTS
    ANDGES
    UMLALGT
    ORRLS
    TSTVS
    SBCLO
    SBCLE
    TSTVC
    SBCLS
    SBCLT
    MRSCCS
    MULHS
    ADDGTS
    LDMALFA
    UMULLMIS
    LDMALFD
    BICMI
    RSCNE
    STRALB
    LDMLOEA
    STRALH
    LDMLOED
    MOVLOS
    RSCPLS
    LABEL
    TST
    EORNE
    STRPL
    UMULLLES
    MSRGE
    BLT
    BLS
    MVNLOS
    BLO
    STMAL
    MSRGT
    BLE
    MRSVCS
    LDMVSDB
    MOVVS
    MOVVC
    MVNLSS
    RSCNES
    UMULLS
    LDRMI
    STRMISH
    SMLALPL
    STRMISB
    ANDAL
    RSBCCS
    BXCC
    SBCCSS
    BXCS
    RSCMIS
    STMHSIA
    SUBEQS
    STMHSIB
    BICLE
    MRSMI
    RSBGE
    MVNMI
    RSBGT
    DATA
    BMIS
    LDMLSDA
    MRSS
    SBCLSS
    ORRNE
    SUBALS
    ANDGTS
    MOVLSS
    SWPCSB
    CMNEQ
    SMULLPL
    RSB
    RSC
    SMULLGE
    ADDCCS
    SBCLOS
    MSRVS
    ADCNE
    STRHSB
    STRHSH
    LDRVSSH
    MSRVC
    STRAL
    LDRVSSB
    LDMNEIB
    SMLALVCS
    LDMNEIA
    ORRHSS
    MRSPLS
    BMI
    ORRLOS
    LDMHSFA
    LDMHSFD
    MLAALS
    LDMLEDB
    LDMLEDA
    UMULLEQS
    CMPPL
    UMULLGES
    SBCMI
    UMULLGE
    STMVSIB
    STRVCSH
    UMULLGT
    SWPLSB
    STRGEB
    STRGEH
    EOREQS
    MLAS
    SMLALAL
    MRSNE
    SUBHI
    LDMEQDB
    STMGEDA
    STMGEDB
    SUBHS
    STMLS
    STMLT
    STMLE
    MVNGTS
    STMLO
    LDMCSED
    ORRMIS
    STRLSH
    STMPLFA
    STMPLFD
    UMULLHSS
    MOVEQ
    SMULLAL
    EORVSS
    RSBHI
    BXVC
    LDMCCIB
    LDMCCIA
    BXVS
    STMLSFD
    RSBHS
    LDMVSIA
    LDMVSIB
    LDRVC
    BLVS
    LDRVS
    SMLALPLS
    RSCALS
    BLVC
    SWPCC
    CMPGT
    SWPCS
    CMPGE
    MVNLT
    MVNLS
    MULCSS
    BLHI
    MVNLE
    RSCHIS
    BLHS
    MVNLO
    MLALE
    SUBMI
    SUBLOS
    ANDHIS
    MLALO
    MLALS
    MLALT
    LDMLSED
    LDMLSEA
    RSCLES
    MRSMIS
    STMGTED
    ADDMIS
    STMGTEA
    STMCCDB
    MVNHIS
    EORPLS
    LDRLOSB
    LDRLOSH
    BICCS
    LDMALDA
    BICCC
    LDMALDB
    AND
    MEMHEXNUM
    RSCHI
    RSCHS
    SUBCSS
    ADCGTS
    STMGEEA
    UMULLHI
    STMGEED
    UMULLHS
    LDMNE
    MRSLES
    EORLO
    TEQGT
    EORLE
    STMMI
    EORLS
    TEQGE
    EORLT
    MLACCS
    LDMLOIB
    LDMLOIA
    STRNE
    LDMCSEA
    MSREQ
    BALS
    SBCCCS
    MULLSS
    STRGTB
    LDMLEED
    STRGTH
    LDMLEEA
    STRLTSH
    STRLTSB
    STRLSB
    MEMNUM
    ANDCS
    SBCHIS
    STMLSEA
    EORMIS
    UMLALVSS
    UMLALGES
    TSTHI
    SBCVC
    RSBCSS
    SBCVS
    BXAL
    TSTHS
    ANDLTS
    SMLALLOS
    BNES
    RSBEQ
    RSCCS
    ADCVSS
    MLALTS
    CLOSESQ
    UMLAL
    MLAMI
    ADDLTS
    SMLALLSS
    STMHS
    STMLOFA
    ORRHI
    STMLOFD
    CMNCC
    LDMCSDA
    MOVNES
    STRLESB
    LDRALSH
    ORRHS
    STRLESH
    LDRALSB
    SMULLVC
    MRSHIS
    SMULLVS
    MOVHIS
    STMVCEA
    STMVCED
    MULGT
    LDMALEA
    UMLALLOS
    LDMALED
    ADCLO
    STMHIEA
    STMHIED
    ADCLT
    ADCLS
    MOVHI
    SMLALVSS
    SMLALEQS
    LDRH
    ADDGES
    LDRLEB
    EORHSS
    LDRLEH
    MULALS
    SMULLCCS
    EORNES
    SMULLLSS
    STRMI
    TEQVC
    RSBHSS
    MLALES
    LDMLEFA
    LDMHSDA
    LDMLEFD
    TEQVS
    LDMHSDB
    SWPNE
    UMULLCCS
    UMULLLTS
    STMGTDA
    STMGTDB
    ANDVSS
    LDRCS
    ADCLOS
    SMLALCS
    CMNMI
    LDRNESB
    SMLALCC
    BEQS
    ANDLSS
    STRLSSB
    STRLSSH
    TO
    MRSALS
    STATUS
    LDRHIH
    UMLALHI
    LDMMI
    SUBNE
    UMLALHS
    SWPLOB
    MSRHI
    STMLSFA
    MSRHS
    EORMI
    STMLSDB
    STMLSDA
    STMLOED
    STMLOEA
    RSBLOS
    STMPLDA
    STMPLDB
    LDRGTB
    STMVCDA
    STMVCDB
    LDRGTH
    ADDLES
    CMNVC
    SMULLGT
    MRSHI
    LDRHS
    SMULLS
    MRSHS
    LDRMISB
    LDRHI
    MVNLTS
    SBCVCS
    LDRMISH
    RSBVS
    MLAHIS
    RSBVC
    SMLALMI
    CODE
    SUBCCS
    TEQCC
    BLTS
    MULVC
    TSTLT
    SMULLGTS
    MULVS
    SWPAL
    EORALS
    BXEQ
    CMPAL
    LDRLTH
    SWPMIB
    UMULLGTS
    LDRLTB
    MULAL
    UMLALALS
    MLANE
    ANDLOS
    FP
    MVNVC
    SBCHS
    UMULLLSS
    MVNVS
    SBCHI
    LDMGTIA
    LDMGTIB
    MLACSS
    LDMHSIA
    UMULLVS
    ALIGN
    SUBLSS
    UMULLVC
    ADCVC
    MVN
    ADCMI
    BICAL
    STMHIDA
    STMHIDB
    MVNALS
    STMNEDA
    LDMLE
    NOINIT
    MVNLES
    LDMLO
    LDMLT
    MOVGES
    LDMLS
    BVSS
    SUBHIS
    ADCCC
    STRLT
    MVNGES
    ORRGTS
    STRLS
    BANG
    STRLO
    ADCCS
    STRLE
    BHI
    SMLALMIS
    BHS
    LDMHSEA
    LDMHSED
    SMLALLT
    LDRGEB
    SMLALLS
    ADCVCS
    LDRGEH
    SBCEQS
    SMLALLE
    SMLALLO
    BXGT
    MULLOS
    TSTNE
    TEQEQ
    BXGE
    UMULLLOS
    LDMEQIB
    LDMEQIA
    SMULLHSS
    ADDHS
    SWPALB
    STMGEIB
    STMGEIA
    LDRHISH
    LDRHISB
    ADDHI
    SMLALCSS
    SMULLCSS
    SWPPL
    RSBCS
    BLGT
    LDMCCDB
    STMLODB
    STMLODA
    ANDEQ
    LDMCSFD
    LDMCSFA
    CMNAL
    CLOSECB
    LDRGT
    STRLTB
    STMPLED
    STRLTH
    ORRCCS
    LDRGE
    EORVS
    MLAAL
    LDMGEIA
    SWPHIB
    LDMGEIB
    MUL
    ASR
    LDRCCSB
    UMULLVSS
    UMLALCCS
    MULEQ
    BICPL
    MOVNE
    ORRVSS
    SWPEQB
    MULMIS
    MVNGT
    RSCEQS
    ANDVCS
    MVNGE
    RSCGES
    STRHIB
    STRHIH
    LDRLTSB
    MLAGTS
    RSCEQ
    LDRLTSH
    SBCGT
    ORRLSS
    BIC
    SBCGE
    SWPLE
    SMULLCC
    SWPLO
    SWPLS
    ADDVCS
    STMGTFD
    STMGTFA
    STRNESB
    LDMALIB
    LDMALIA
    BGE
    SMLALS
    STMHI
    LDRLS
    BGT
    STMCCIA
    STMCCIB
    TSTMI
    UMULLMI
    UMLALNE
    SUBLT
    SUBLS
    SUBLO
    SBCCC
    SUBLE
    LDMMIIB
    LDMMIIA
    SBCVSS
    LABELTARGET
    SBCS
    MOVLTS
    ORREQ
    SUBPL
    LDRGESB
    CMNNE
    LDRGESH
    STMEQIA
    CMNPL
    SMULLEQ
    STMVS
    STRPLH
    ADCHIS
    STRLEH
    STMVC
    STMLTFD
    UMLALPLS
    STMLTFA
    STRH
    STRB
    LDMCCED
    LDMCCEA
    MVNS
    ADDNES
    SWPB
    ADCCCS
    ADDHIS
    ANDS
    STMVCFA
    STMVCFD
    MVNHS
    MVNHI
    STMLOIA
    STMLOIB
    LDMHIIA
    LDMHIIB
    MLAPL
    LDMLTIA
    SWPMI
    LDMLTIB
    MOV
    LDRGTSB
    LDRGTSH
    CMPCC
    MULEQS
    SBCPLS
    CMPCS
    UMLALVCS
    MLAGES
    SUBNES
    BICGE
    STMHIFA
    STMHIFD
    UMLALMI
    RSBCC
    UMULLLO
    BL
    STRCCSH
    UMULLLE
    LDMPLFA
    LDMPLFD
    BS
    UMULLLS
    BX
    UMLALEQ
    MRSNES
    EORHS
    EORHI
    ADCAL
    STMEQDB
    STMEQDA
    BVCS
    ORRS
    BVS
    BVC
    ADDPLS
    BHSS
    LDRCSB
    MRSEQS
    LDRCSH
    ADDEQS
    LDRSH
    MRSGES
    ROR
    SMLALNE
    LDMCCDA
    ORRCSS
    MVNNES
    STMIA
    STMIB
    TSTLS
    STMNEIA
    STMNEIB
    STMLTIB
    STMLTIA
    TEQCS
    TSTLE
    LDMHSIB
    SBCMIS
    TSTLO
    ANDPLS
    UMLALCC
    SUBCS
    BICVC
    UMLALCS
    SUBCC
    ADDNE
    BLEQ
    BLES
    STMVCIB
    STMVCIA
    LDRLSB
    LDRLSH
    RSBAL
    BLGE
    LDMEQED
    LDMEQEA
    ANDGE
    SMLALCCS
    ANDGT
    ORRVCS
    SMULLGES
    STMVSEA
    LDREQ
    STMVSED
    MRSEQ
    SMULLEQS
    CMPLO
    CMPLE
    MSR
    MLACC
    CMPLT
    RSBGES
    CMPLS
    MLACS
    MULCC
    SWPVCB
    STMPLEA
    UMLALHSS
    MULCS
    SBCNES
    STMHIIB
    STMHIIA
    ADCPL
    UMULLVCS
    UMLALCSS
    MOVLT
    MOVLS
    SPACE
    LDRSB
    LDMPL
    MOVLE
    MOVLO
    ADDVSS
    MVNEQ
    BLSS
    LDRCCSH

Grammar

Rule 0     S' -> line
Rule 1     line -> command
Rule 2     argument -> HEXNUM
Rule 3     argument -> CONSTNUM
Rule 4     argument -> register
Rule 5     argument -> CHAR
Rule 6     register -> REGISTER
Rule 7     register -> IP
Rule 8     register -> SP
Rule 9     register -> LR
Rule 10    register -> PC
Rule 11    target -> IMMTARGET
Rule 12    target -> IMMHEXTARGET
Rule 13    branchtarget -> register
Rule 14    command -> B branchtarget

Terminals, with rules where they appear

ADC                  : 
ADCAL                : 
ADCALS               : 
ADCCC                : 
ADCCCS               : 
ADCCS                : 
ADCCSS               : 
ADCEQ                : 
ADCEQS               : 
ADCGE                : 
ADCGES               : 
ADCGT                : 
ADCGTS               : 
ADCHI                : 
ADCHIS               : 
ADCHS                : 
ADCHSS               : 
ADCLE                : 
ADCLES               : 
ADCLO                : 
ADCLOS               : 
ADCLS                : 
ADCLSS               : 
ADCLT                : 
ADCLTS               : 
ADCMI                : 
ADCMIS               : 
ADCNE                : 
ADCNES               : 
ADCPL                : 
ADCPLS               : 
ADCS                 : 
ADCVC                : 
ADCVCS               : 
ADCVS                : 
ADCVSS               : 
ADD                  : 
ADDAL                : 
ADDALS               : 
ADDCC                : 
ADDCCS               : 
ADDCS                : 
ADDCSS               : 
ADDEQ                : 
ADDEQS               : 
ADDGE                : 
ADDGES               : 
ADDGT                : 
ADDGTS               : 
ADDHI                : 
ADDHIS               : 
ADDHS                : 
ADDHSS               : 
ADDLE                : 
ADDLES               : 
ADDLO                : 
ADDLOS               : 
ADDLS                : 
ADDLSS               : 
ADDLT                : 
ADDLTS               : 
ADDMI                : 
ADDMIS               : 
ADDNE                : 
ADDNES               : 
ADDPL                : 
ADDPLS               : 
ADDS                 : 
ADDVC                : 
ADDVCS               : 
ADDVS                : 
ADDVSS               : 
ALIGN                : 
AND                  : 
ANDAL                : 
ANDALS               : 
ANDCC                : 
ANDCCS               : 
ANDCS                : 
ANDCSS               : 
ANDEQ                : 
ANDEQS               : 
ANDGE                : 
ANDGES               : 
ANDGT                : 
ANDGTS               : 
ANDHI                : 
ANDHIS               : 
ANDHS                : 
ANDHSS               : 
ANDLE                : 
ANDLES               : 
ANDLO                : 
ANDLOS               : 
ANDLS                : 
ANDLSS               : 
ANDLT                : 
ANDLTS               : 
ANDMI                : 
ANDMIS               : 
ANDNE                : 
ANDNES               : 
ANDPL                : 
ANDPLS               : 
ANDS                 : 
ANDVC                : 
ANDVCS               : 
ANDVS                : 
ANDVSS               : 
AREA                 : 
ASR                  : 
B                    : 14
BAL                  : 
BALS                 : 
BANG                 : 
BCC                  : 
BCCS                 : 
BCS                  : 
BCSS                 : 
BEQ                  : 
BEQS                 : 
BGE                  : 
BGES                 : 
BGT                  : 
BGTS                 : 
BHI                  : 
BHIS                 : 
BHS                  : 
BHSS                 : 
BIC                  : 
BICAL                : 
BICCC                : 
BICCS                : 
BICEQ                : 
BICGE                : 
BICGT                : 
BICHI                : 
BICHS                : 
BICLE                : 
BICLO                : 
BICLS                : 
BICLT                : 
BICMI                : 
BICNE                : 
BICPL                : 
BICVC                : 
BICVS                : 
BKPT                 : 
BL                   : 
BLAL                 : 
BLCC                 : 
BLCS                 : 
BLE                  : 
BLEQ                 : 
BLES                 : 
BLGE                 : 
BLGT                 : 
BLHI                 : 
BLHS                 : 
BLLE                 : 
BLLO                 : 
BLLS                 : 
BLLT                 : 
BLMI                 : 
BLNE                 : 
BLO                  : 
BLOS                 : 
BLPL                 : 
BLS                  : 
BLSS                 : 
BLT                  : 
BLTS                 : 
BLVC                 : 
BLVS                 : 
BMI                  : 
BMIS                 : 
BNE                  : 
BNES                 : 
BPL                  : 
BPLS                 : 
BS                   : 
BVC                  : 
BVCS                 : 
BVS                  : 
BVSS                 : 
BX                   : 
BXAL                 : 
BXCC                 : 
BXCS                 : 
BXEQ                 : 
BXGE                 : 
BXGT                 : 
BXHI                 : 
BXHS                 : 
BXLE                 : 
BXLO                 : 
BXLS                 : 
BXLT                 : 
BXMI                 : 
BXNE                 : 
BXPL                 : 
BXVC                 : 
BXVS                 : 
CHAR                 : 5
CLOSECB              : 
CLOSESQ              : 
CMN                  : 
CMNAL                : 
CMNCC                : 
CMNCS                : 
CMNEQ                : 
CMNGE                : 
CMNGT                : 
CMNHI                : 
CMNHS                : 
CMNLE                : 
CMNLO                : 
CMNLS                : 
CMNLT                : 
CMNMI                : 
CMNNE                : 
CMNPL                : 
CMNVC                : 
CMNVS                : 
CMP                  : 
CMPAL                : 
CMPCC                : 
CMPCS                : 
CMPEQ                : 
CMPGE                : 
CMPGT                : 
CMPHI                : 
CMPHS                : 
CMPLE                : 
CMPLO                : 
CMPLS                : 
CMPLT                : 
CMPMI                : 
CMPNE                : 
CMPPL                : 
CMPVC                : 
CMPVS                : 
CODE                 : 
COMMENT              : 
CONSTNUM             : 3
DATA                 : 
DCB                  : 
DCH                  : 
DCW                  : 
EOR                  : 
EORAL                : 
EORALS               : 
EORCC                : 
EORCCS               : 
EORCS                : 
EORCSS               : 
EOREQ                : 
EOREQS               : 
EORGE                : 
EORGES               : 
EORGT                : 
EORGTS               : 
EORHI                : 
EORHIS               : 
EORHS                : 
EORHSS               : 
EORLE                : 
EORLES               : 
EORLO                : 
EORLOS               : 
EORLS                : 
EORLSS               : 
EORLT                : 
EORLTS               : 
EORMI                : 
EORMIS               : 
EORNE                : 
EORNES               : 
EORPL                : 
EORPLS               : 
EORS                 : 
EORVC                : 
EORVCS               : 
EORVS                : 
EORVSS               : 
FP                   : 
HEXNUM               : 2
IMMHEXTARGET         : 12
IMMTARGET            : 11
IP                   : 7
LABEL                : 
LABELTARGET          : 
LDM                  : 
LDMAL                : 
LDMALDA              : 
LDMALDB              : 
LDMALEA              : 
LDMALED              : 
LDMALFA              : 
LDMALFD              : 
LDMALIA              : 
LDMALIB              : 
LDMCC                : 
LDMCCDA              : 
LDMCCDB              : 
LDMCCEA              : 
LDMCCED              : 
LDMCCFA              : 
LDMCCFD              : 
LDMCCIA              : 
LDMCCIB              : 
LDMCS                : 
LDMCSDA              : 
LDMCSDB              : 
LDMCSEA              : 
LDMCSED              : 
LDMCSFA              : 
LDMCSFD              : 
LDMCSIA              : 
LDMCSIB              : 
LDMDA                : 
LDMDB                : 
LDMEA                : 
LDMED                : 
LDMEQ                : 
LDMEQDA              : 
LDMEQDB              : 
LDMEQEA              : 
LDMEQED              : 
LDMEQFA              : 
LDMEQFD              : 
LDMEQIA              : 
LDMEQIB              : 
LDMFA                : 
LDMFD                : 
LDMGE                : 
LDMGEDA              : 
LDMGEDB              : 
LDMGEEA              : 
LDMGEED              : 
LDMGEFA              : 
LDMGEFD              : 
LDMGEIA              : 
LDMGEIB              : 
LDMGT                : 
LDMGTDA              : 
LDMGTDB              : 
LDMGTEA              : 
LDMGTED              : 
LDMGTFA              : 
LDMGTFD              : 
LDMGTIA              : 
LDMGTIB              : 
LDMHI                : 
LDMHIDA              : 
LDMHIDB              : 
LDMHIEA              : 
LDMHIED              : 
LDMHIFA              : 
LDMHIFD              : 
LDMHIIA              : 
LDMHIIB              : 
LDMHS                : 
LDMHSDA              : 
LDMHSDB              : 
LDMHSEA              : 
LDMHSED              : 
LDMHSFA              : 
LDMHSFD              : 
LDMHSIA              : 
LDMHSIB              : 
LDMIA                : 
LDMIB                : 
LDMLE                : 
LDMLEDA              : 
LDMLEDB              : 
LDMLEEA              : 
LDMLEED              : 
LDMLEFA              : 
LDMLEFD              : 
LDMLEIA              : 
LDMLEIB              : 
LDMLO                : 
LDMLODA              : 
LDMLODB              : 
LDMLOEA              : 
LDMLOED              : 
LDMLOFA              : 
LDMLOFD              : 
LDMLOIA              : 
LDMLOIB              : 
LDMLS                : 
LDMLSDA              : 
LDMLSDB              : 
LDMLSEA              : 
LDMLSED              : 
LDMLSFA              : 
LDMLSFD              : 
LDMLSIA              : 
LDMLSIB              : 
LDMLT                : 
LDMLTDA              : 
LDMLTDB              : 
LDMLTEA              : 
LDMLTED              : 
LDMLTFA              : 
LDMLTFD              : 
LDMLTIA              : 
LDMLTIB              : 
LDMMI                : 
LDMMIDA              : 
LDMMIDB              : 
LDMMIEA              : 
LDMMIED              : 
LDMMIFA              : 
LDMMIFD              : 
LDMMIIA              : 
LDMMIIB              : 
LDMNE                : 
LDMNEDA              : 
LDMNEDB              : 
LDMNEEA              : 
LDMNEED              : 
LDMNEFA              : 
LDMNEFD              : 
LDMNEIA              : 
LDMNEIB              : 
LDMPL                : 
LDMPLDA              : 
LDMPLDB              : 
LDMPLEA              : 
LDMPLED              : 
LDMPLFA              : 
LDMPLFD              : 
LDMPLIA              : 
LDMPLIB              : 
LDMVC                : 
LDMVCDA              : 
LDMVCDB              : 
LDMVCEA              : 
LDMVCED              : 
LDMVCFA              : 
LDMVCFD              : 
LDMVCIA              : 
LDMVCIB              : 
LDMVS                : 
LDMVSDA              : 
LDMVSDB              : 
LDMVSEA              : 
LDMVSED              : 
LDMVSFA              : 
LDMVSFD              : 
LDMVSIA              : 
LDMVSIB              : 
LDR                  : 
LDRAL                : 
LDRALB               : 
LDRALH               : 
LDRALSB              : 
LDRALSH              : 
LDRB                 : 
LDRCC                : 
LDRCCB               : 
LDRCCH               : 
LDRCCSB              : 
LDRCCSH              : 
LDRCS                : 
LDRCSB               : 
LDRCSH               : 
LDRCSSB              : 
LDRCSSH              : 
LDREQ                : 
LDREQB               : 
LDREQH               : 
LDREQSB              : 
LDREQSH              : 
LDRGE                : 
LDRGEB               : 
LDRGEH               : 
LDRGESB              : 
LDRGESH              : 
LDRGT                : 
LDRGTB               : 
LDRGTH               : 
LDRGTSB              : 
LDRGTSH              : 
LDRH                 : 
LDRHI                : 
LDRHIB               : 
LDRHIH               : 
LDRHISB              : 
LDRHISH              : 
LDRHS                : 
LDRHSB               : 
LDRHSH               : 
LDRHSSB              : 
LDRHSSH              : 
LDRLE                : 
LDRLEB               : 
LDRLEH               : 
LDRLESB              : 
LDRLESH              : 
LDRLO                : 
LDRLOB               : 
LDRLOH               : 
LDRLOSB              : 
LDRLOSH              : 
LDRLS                : 
LDRLSB               : 
LDRLSH               : 
LDRLSSB              : 
LDRLSSH              : 
LDRLT                : 
LDRLTB               : 
LDRLTH               : 
LDRLTSB              : 
LDRLTSH              : 
LDRMI                : 
LDRMIB               : 
LDRMIH               : 
LDRMISB              : 
LDRMISH              : 
LDRNE                : 
LDRNEB               : 
LDRNEH               : 
LDRNESB              : 
LDRNESH              : 
LDRPL                : 
LDRPLB               : 
LDRPLH               : 
LDRPLSB              : 
LDRPLSH              : 
LDRSB                : 
LDRSH                : 
LDRVC                : 
LDRVCB               : 
LDRVCH               : 
LDRVCSB              : 
LDRVCSH              : 
LDRVS                : 
LDRVSB               : 
LDRVSH               : 
LDRVSSB              : 
LDRVSSH              : 
LR                   : 9
LSL                  : 
LSR                  : 
MEMHEXNUM            : 
MEMNUM               : 
MLA                  : 
MLAAL                : 
MLAALS               : 
MLACC                : 
MLACCS               : 
MLACS                : 
MLACSS               : 
MLAEQ                : 
MLAEQS               : 
MLAGE                : 
MLAGES               : 
MLAGT                : 
MLAGTS               : 
MLAHI                : 
MLAHIS               : 
MLAHS                : 
MLAHSS               : 
MLALE                : 
MLALES               : 
MLALO                : 
MLALOS               : 
MLALS                : 
MLALSS               : 
MLALT                : 
MLALTS               : 
MLAMI                : 
MLAMIS               : 
MLANE                : 
MLANES               : 
MLAPL                : 
MLAPLS               : 
MLAS                 : 
MLAVC                : 
MLAVCS               : 
MLAVS                : 
MLAVSS               : 
MOV                  : 
MOVAL                : 
MOVALS               : 
MOVCC                : 
MOVCCS               : 
MOVCS                : 
MOVCSS               : 
MOVEQ                : 
MOVEQS               : 
MOVGE                : 
MOVGES               : 
MOVGT                : 
MOVGTS               : 
MOVHI                : 
MOVHIS               : 
MOVHS                : 
MOVHSS               : 
MOVLE                : 
MOVLES               : 
MOVLO                : 
MOVLOS               : 
MOVLS                : 
MOVLSS               : 
MOVLT                : 
MOVLTS               : 
MOVMI                : 
MOVMIS               : 
MOVNE                : 
MOVNES               : 
MOVPL                : 
MOVPLS               : 
MOVS                 : 
MOVVC                : 
MOVVCS               : 
MOVVS                : 
MOVVSS               : 
MRS                  : 
MRSAL                : 
MRSALS               : 
MRSCC                : 
MRSCCS               : 
MRSCS                : 
MRSCSS               : 
MRSEQ                : 
MRSEQS               : 
MRSGE                : 
MRSGES               : 
MRSGT                : 
MRSGTS               : 
MRSHI                : 
MRSHIS               : 
MRSHS                : 
MRSHSS               : 
MRSLE                : 
MRSLES               : 
MRSLO                : 
MRSLOS               : 
MRSLS                : 
MRSLSS               : 
MRSLT                : 
MRSLTS               : 
MRSMI                : 
MRSMIS               : 
MRSNE                : 
MRSNES               : 
MRSPL                : 
MRSPLS               : 
MRSS                 : 
MRSVC                : 
MRSVCS               : 
MRSVS                : 
MRSVSS               : 
MSR                  : 
MSRAL                : 
MSRCC                : 
MSRCS                : 
MSREQ                : 
MSRGE                : 
MSRGT                : 
MSRHI                : 
MSRHS                : 
MSRLE                : 
MSRLO                : 
MSRLS                : 
MSRLT                : 
MSRMI                : 
MSRNE                : 
MSRPL                : 
MSRVC                : 
MSRVS                : 
MUL                  : 
MULAL                : 
MULALS               : 
MULCC                : 
MULCCS               : 
MULCS                : 
MULCSS               : 
MULEQ                : 
MULEQS               : 
MULGE                : 
MULGES               : 
MULGT                : 
MULGTS               : 
MULHI                : 
MULHIS               : 
MULHS                : 
MULHSS               : 
MULLE                : 
MULLES               : 
MULLO                : 
MULLOS               : 
MULLS                : 
MULLSS               : 
MULLT                : 
MULLTS               : 
MULMI                : 
MULMIS               : 
MULNE                : 
MULNES               : 
MULPL                : 
MULPLS               : 
MULS                 : 
MULVC                : 
MULVCS               : 
MULVS                : 
MULVSS               : 
MVN                  : 
MVNAL                : 
MVNALS               : 
MVNCC                : 
MVNCCS               : 
MVNCS                : 
MVNCSS               : 
MVNEQ                : 
MVNEQS               : 
MVNGE                : 
MVNGES               : 
MVNGT                : 
MVNGTS               : 
MVNHI                : 
MVNHIS               : 
MVNHS                : 
MVNHSS               : 
MVNLE                : 
MVNLES               : 
MVNLO                : 
MVNLOS               : 
MVNLS                : 
MVNLSS               : 
MVNLT                : 
MVNLTS               : 
MVNMI                : 
MVNMIS               : 
MVNNE                : 
MVNNES               : 
MVNPL                : 
MVNPLS               : 
MVNS                 : 
MVNVC                : 
MVNVCS               : 
MVNVS                : 
MVNVSS               : 
NOINIT               : 
OPENCB               : 
OPENSQ               : 
ORR                  : 
ORRAL                : 
ORRALS               : 
ORRCC                : 
ORRCCS               : 
ORRCS                : 
ORRCSS               : 
ORREQ                : 
ORREQS               : 
ORRGE                : 
ORRGES               : 
ORRGT                : 
ORRGTS               : 
ORRHI                : 
ORRHIS               : 
ORRHS                : 
ORRHSS               : 
ORRLE                : 
ORRLES               : 
ORRLO                : 
ORRLOS               : 
ORRLS                : 
ORRLSS               : 
ORRLT                : 
ORRLTS               : 
ORRMI                : 
ORRMIS               : 
ORRNE                : 
ORRNES               : 
ORRPL                : 
ORRPLS               : 
ORRS                 : 
ORRVC                : 
ORRVCS               : 
ORRVS                : 
ORRVSS               : 
PC                   : 10
READONLY             : 
READWRITE            : 
REGISTER             : 6
ROR                  : 
RRX                  : 
RSB                  : 
RSBAL                : 
RSBALS               : 
RSBCC                : 
RSBCCS               : 
RSBCS                : 
RSBCSS               : 
RSBEQ                : 
RSBEQS               : 
RSBGE                : 
RSBGES               : 
RSBGT                : 
RSBGTS               : 
RSBHI                : 
RSBHIS               : 
RSBHS                : 
RSBHSS               : 
RSBLE                : 
RSBLES               : 
RSBLO                : 
RSBLOS               : 
RSBLS                : 
RSBLSS               : 
RSBLT                : 
RSBLTS               : 
RSBMI                : 
RSBMIS               : 
RSBNE                : 
RSBNES               : 
RSBPL                : 
RSBPLS               : 
RSBS                 : 
RSBVC                : 
RSBVCS               : 
RSBVS                : 
RSBVSS               : 
RSC                  : 
RSCAL                : 
RSCALS               : 
RSCCC                : 
RSCCCS               : 
RSCCS                : 
RSCCSS               : 
RSCEQ                : 
RSCEQS               : 
RSCGE                : 
RSCGES               : 
RSCGT                : 
RSCGTS               : 
RSCHI                : 
RSCHIS               : 
RSCHS                : 
RSCHSS               : 
RSCLE                : 
RSCLES               : 
RSCLO                : 
RSCLOS               : 
RSCLS                : 
RSCLSS               : 
RSCLT                : 
RSCLTS               : 
RSCMI                : 
RSCMIS               : 
RSCNE                : 
RSCNES               : 
RSCPL                : 
RSCPLS               : 
RSCS                 : 
RSCVC                : 
RSCVCS               : 
RSCVS                : 
RSCVSS               : 
SBC                  : 
SBCAL                : 
SBCALS               : 
SBCCC                : 
SBCCCS               : 
SBCCS                : 
SBCCSS               : 
SBCEQ                : 
SBCEQS               : 
SBCGE                : 
SBCGES               : 
SBCGT                : 
SBCGTS               : 
SBCHI                : 
SBCHIS               : 
SBCHS                : 
SBCHSS               : 
SBCLE                : 
SBCLES               : 
SBCLO                : 
SBCLOS               : 
SBCLS                : 
SBCLSS               : 
SBCLT                : 
SBCLTS               : 
SBCMI                : 
SBCMIS               : 
SBCNE                : 
SBCNES               : 
SBCPL                : 
SBCPLS               : 
SBCS                 : 
SBCVC                : 
SBCVCS               : 
SBCVS                : 
SBCVSS               : 
SL                   : 
SMLAL                : 
SMLALAL              : 
SMLALALS             : 
SMLALCC              : 
SMLALCCS             : 
SMLALCS              : 
SMLALCSS             : 
SMLALEQ              : 
SMLALEQS             : 
SMLALGE              : 
SMLALGES             : 
SMLALGT              : 
SMLALGTS             : 
SMLALHI              : 
SMLALHIS             : 
SMLALHS              : 
SMLALHSS             : 
SMLALLE              : 
SMLALLES             : 
SMLALLO              : 
SMLALLOS             : 
SMLALLS              : 
SMLALLSS             : 
SMLALLT              : 
SMLALLTS             : 
SMLALMI              : 
SMLALMIS             : 
SMLALNE              : 
SMLALNES             : 
SMLALPL              : 
SMLALPLS             : 
SMLALS               : 
SMLALVC              : 
SMLALVCS             : 
SMLALVS              : 
SMLALVSS             : 
SMULL                : 
SMULLAL              : 
SMULLALS             : 
SMULLCC              : 
SMULLCCS             : 
SMULLCS              : 
SMULLCSS             : 
SMULLEQ              : 
SMULLEQS             : 
SMULLGE              : 
SMULLGES             : 
SMULLGT              : 
SMULLGTS             : 
SMULLHI              : 
SMULLHIS             : 
SMULLHS              : 
SMULLHSS             : 
SMULLLE              : 
SMULLLES             : 
SMULLLO              : 
SMULLLOS             : 
SMULLLS              : 
SMULLLSS             : 
SMULLLT              : 
SMULLLTS             : 
SMULLMI              : 
SMULLMIS             : 
SMULLNE              : 
SMULLNES             : 
SMULLPL              : 
SMULLPLS             : 
SMULLS               : 
SMULLVC              : 
SMULLVCS             : 
SMULLVS              : 
SMULLVSS             : 
SP                   : 8
SPACE                : 
STATUS               : 
STM                  : 
STMAL                : 
STMALDA              : 
STMALDB              : 
STMALEA              : 
STMALED              : 
STMALFA              : 
STMALFD              : 
STMALIA              : 
STMALIB              : 
STMCC                : 
STMCCDA              : 
STMCCDB              : 
STMCCEA              : 
STMCCED              : 
STMCCFA              : 
STMCCFD              : 
STMCCIA              : 
STMCCIB              : 
STMCS                : 
STMCSDA              : 
STMCSDB              : 
STMCSEA              : 
STMCSED              : 
STMCSFA              : 
STMCSFD              : 
STMCSIA              : 
STMCSIB              : 
STMDA                : 
STMDB                : 
STMEA                : 
STMED                : 
STMEQ                : 
STMEQDA              : 
STMEQDB              : 
STMEQEA              : 
STMEQED              : 
STMEQFA              : 
STMEQFD              : 
STMEQIA              : 
STMEQIB              : 
STMFA                : 
STMFD                : 
STMGE                : 
STMGEDA              : 
STMGEDB              : 
STMGEEA              : 
STMGEED              : 
STMGEFA              : 
STMGEFD              : 
STMGEIA              : 
STMGEIB              : 
STMGT                : 
STMGTDA              : 
STMGTDB              : 
STMGTEA              : 
STMGTED              : 
STMGTFA              : 
STMGTFD              : 
STMGTIA              : 
STMGTIB              : 
STMHI                : 
STMHIDA              : 
STMHIDB              : 
STMHIEA              : 
STMHIED              : 
STMHIFA              : 
STMHIFD              : 
STMHIIA              : 
STMHIIB              : 
STMHS                : 
STMHSDA              : 
STMHSDB              : 
STMHSEA              : 
STMHSED              : 
STMHSFA              : 
STMHSFD              : 
STMHSIA              : 
STMHSIB              : 
STMIA                : 
STMIB                : 
STMLE                : 
STMLEDA              : 
STMLEDB              : 
STMLEEA              : 
STMLEED              : 
STMLEFA              : 
STMLEFD              : 
STMLEIA              : 
STMLEIB              : 
STMLO                : 
STMLODA              : 
STMLODB              : 
STMLOEA              : 
STMLOED              : 
STMLOFA              : 
STMLOFD              : 
STMLOIA              : 
STMLOIB              : 
STMLS                : 
STMLSDA              : 
STMLSDB              : 
STMLSEA              : 
STMLSED              : 
STMLSFA              : 
STMLSFD              : 
STMLSIA              : 
STMLSIB              : 
STMLT                : 
STMLTDA              : 
STMLTDB              : 
STMLTEA              : 
STMLTED              : 
STMLTFA              : 
STMLTFD              : 
STMLTIA              : 
STMLTIB              : 
STMMI                : 
STMMIDA              : 
STMMIDB              : 
STMMIEA              : 
STMMIED              : 
STMMIFA              : 
STMMIFD              : 
STMMIIA              : 
STMMIIB              : 
STMNE                : 
STMNEDA              : 
STMNEDB              : 
STMNEEA              : 
STMNEED              : 
STMNEFA              : 
STMNEFD              : 
STMNEIA              : 
STMNEIB              : 
STMPL                : 
STMPLDA              : 
STMPLDB              : 
STMPLEA              : 
STMPLED              : 
STMPLFA              : 
STMPLFD              : 
STMPLIA              : 
STMPLIB              : 
STMVC                : 
STMVCDA              : 
STMVCDB              : 
STMVCEA              : 
STMVCED              : 
STMVCFA              : 
STMVCFD              : 
STMVCIA              : 
STMVCIB              : 
STMVS                : 
STMVSDA              : 
STMVSDB              : 
STMVSEA              : 
STMVSED              : 
STMVSFA              : 
STMVSFD              : 
STMVSIA              : 
STMVSIB              : 
STR                  : 
STRAL                : 
STRALB               : 
STRALH               : 
STRALSB              : 
STRALSH              : 
STRB                 : 
STRCC                : 
STRCCB               : 
STRCCH               : 
STRCCSB              : 
STRCCSH              : 
STRCS                : 
STRCSB               : 
STRCSH               : 
STRCSSB              : 
STRCSSH              : 
STREQ                : 
STREQB               : 
STREQH               : 
STREQSB              : 
STREQSH              : 
STRGE                : 
STRGEB               : 
STRGEH               : 
STRGESB              : 
STRGESH              : 
STRGT                : 
STRGTB               : 
STRGTH               : 
STRGTSB              : 
STRGTSH              : 
STRH                 : 
STRHI                : 
STRHIB               : 
STRHIH               : 
STRHISB              : 
STRHISH              : 
STRHS                : 
STRHSB               : 
STRHSH               : 
STRHSSB              : 
STRHSSH              : 
STRING               : 
STRLE                : 
STRLEB               : 
STRLEH               : 
STRLESB              : 
STRLESH              : 
STRLO                : 
STRLOB               : 
STRLOH               : 
STRLOSB              : 
STRLOSH              : 
STRLS                : 
STRLSB               : 
STRLSH               : 
STRLSSB              : 
STRLSSH              : 
STRLT                : 
STRLTB               : 
STRLTH               : 
STRLTSB              : 
STRLTSH              : 
STRMI                : 
STRMIB               : 
STRMIH               : 
STRMISB              : 
STRMISH              : 
STRNE                : 
STRNEB               : 
STRNEH               : 
STRNESB              : 
STRNESH              : 
STRPL                : 
STRPLB               : 
STRPLH               : 
STRPLSB              : 
STRPLSH              : 
STRSB                : 
STRSH                : 
STRVC                : 
STRVCB               : 
STRVCH               : 
STRVCSB              : 
STRVCSH              : 
STRVS                : 
STRVSB               : 
STRVSH               : 
STRVSSB              : 
STRVSSH              : 
SUB                  : 
SUBAL                : 
SUBALS               : 
SUBCC                : 
SUBCCS               : 
SUBCS                : 
SUBCSS               : 
SUBEQ                : 
SUBEQS               : 
SUBGE                : 
SUBGES               : 
SUBGT                : 
SUBGTS               : 
SUBHI                : 
SUBHIS               : 
SUBHS                : 
SUBHSS               : 
SUBLE                : 
SUBLES               : 
SUBLO                : 
SUBLOS               : 
SUBLS                : 
SUBLSS               : 
SUBLT                : 
SUBLTS               : 
SUBMI                : 
SUBMIS               : 
SUBNE                : 
SUBNES               : 
SUBPL                : 
SUBPLS               : 
SUBS                 : 
SUBVC                : 
SUBVCS               : 
SUBVS                : 
SUBVSS               : 
SWP                  : 
SWPAL                : 
SWPALB               : 
SWPB                 : 
SWPCC                : 
SWPCCB               : 
SWPCS                : 
SWPCSB               : 
SWPEQ                : 
SWPEQB               : 
SWPGE                : 
SWPGEB               : 
SWPGT                : 
SWPGTB               : 
SWPHI                : 
SWPHIB               : 
SWPHS                : 
SWPHSB               : 
SWPLE                : 
SWPLEB               : 
SWPLO                : 
SWPLOB               : 
SWPLS                : 
SWPLSB               : 
SWPLT                : 
SWPLTB               : 
SWPMI                : 
SWPMIB               : 
SWPNE                : 
SWPNEB               : 
SWPPL                : 
SWPPLB               : 
SWPVC                : 
SWPVCB               : 
SWPVS                : 
SWPVSB               : 
TEQ                  : 
TEQAL                : 
TEQCC                : 
TEQCS                : 
TEQEQ                : 
TEQGE                : 
TEQGT                : 
TEQHI                : 
TEQHS                : 
TEQLE                : 
TEQLO                : 
TEQLS                : 
TEQLT                : 
TEQMI                : 
TEQNE                : 
TEQPL                : 
TEQVC                : 
TEQVS                : 
TO                   : 
TST                  : 
TSTAL                : 
TSTCC                : 
TSTCS                : 
TSTEQ                : 
TSTGE                : 
TSTGT                : 
TSTHI                : 
TSTHS                : 
TSTLE                : 
TSTLO                : 
TSTLS                : 
TSTLT                : 
TSTMI                : 
TSTNE                : 
TSTPL                : 
TSTVC                : 
TSTVS                : 
UMLAL                : 
UMLALAL              : 
UMLALALS             : 
UMLALCC              : 
UMLALCCS             : 
UMLALCS              : 
UMLALCSS             : 
UMLALEQ              : 
UMLALEQS             : 
UMLALGE              : 
UMLALGES             : 
UMLALGT              : 
UMLALGTS             : 
UMLALHI              : 
UMLALHIS             : 
UMLALHS              : 
UMLALHSS             : 
UMLALLE              : 
UMLALLES             : 
UMLALLO              : 
UMLALLOS             : 
UMLALLS              : 
UMLALLSS             : 
UMLALLT              : 
UMLALLTS             : 
UMLALMI              : 
UMLALMIS             : 
UMLALNE              : 
UMLALNES             : 
UMLALPL              : 
UMLALPLS             : 
UMLALS               : 
UMLALVC              : 
UMLALVCS             : 
UMLALVS              : 
UMLALVSS             : 
UMULL                : 
UMULLAL              : 
UMULLALS             : 
UMULLCC              : 
UMULLCCS             : 
UMULLCS              : 
UMULLCSS             : 
UMULLEQ              : 
UMULLEQS             : 
UMULLGE              : 
UMULLGES             : 
UMULLGT              : 
UMULLGTS             : 
UMULLHI              : 
UMULLHIS             : 
UMULLHS              : 
UMULLHSS             : 
UMULLLE              : 
UMULLLES             : 
UMULLLO              : 
UMULLLOS             : 
UMULLLS              : 
UMULLLSS             : 
UMULLLT              : 
UMULLLTS             : 
UMULLMI              : 
UMULLMIS             : 
UMULLNE              : 
UMULLNES             : 
UMULLPL              : 
UMULLPLS             : 
UMULLS               : 
UMULLVC              : 
UMULLVCS             : 
UMULLVS              : 
UMULLVSS             : 
error                : 

Nonterminals, with rules where they appear

argument             : 
branchtarget         : 14
command              : 1
line                 : 0
register             : 4 13
target               : 

Parsing method: LALR

state 0

    (0) S' -> . line
    (1) line -> . command
    (14) command -> . B branchtarget

    B               shift and go to state 2

    line                           shift and go to state 1
    command                        shift and go to state 3

state 1

    (0) S' -> line .



state 2

    (14) command -> B . branchtarget
    (13) branchtarget -> . register
    (6) register -> . REGISTER
    (7) register -> . IP
    (8) register -> . SP
    (9) register -> . LR
    (10) register -> . PC

    REGISTER        shift and go to state 4
    IP              shift and go to state 5
    SP              shift and go to state 9
    LR              shift and go to state 8
    PC              shift and go to state 7

    register                       shift and go to state 6
    branchtarget                   shift and go to state 10

state 3

    (1) line -> command .

    $end            reduce using rule 1 (line -> command .)


state 4

    (6) register -> REGISTER .

    $end            reduce using rule 6 (register -> REGISTER .)


state 5

    (7) register -> IP .

    $end            reduce using rule 7 (register -> IP .)


state 6

    (13) branchtarget -> register .

    $end            reduce using rule 13 (branchtarget -> register .)


state 7

    (10) register -> PC .

    $end            reduce using rule 10 (register -> PC .)


state 8

    (9) register -> LR .

    $end            reduce using rule 9 (register -> LR .)


state 9

    (8) register -> SP .

    $end            reduce using rule 8 (register -> SP .)


state 10

    (14) command -> B branchtarget .

    $end            reduce using rule 14 (command -> B branchtarget .)

